{"level":"error","message":"GET /api/movies - 404 Not Found","timestamp":"2025-06-25T18:39:57.587Z"}
{"level":"error","message":"GET /api/movies - 404 Not Found","timestamp":"2025-06-25T18:39:59.375Z"}
{"level":"error","message":"GET /api/users - 404 Not Found","timestamp":"2025-06-25T18:40:03.470Z"}
{"level":"error","message":"GET /api/series - 404 Not Found","timestamp":"2025-06-25T18:40:04.524Z"}
{"level":"error","message":"GET /api/movies - 404 Not Found","timestamp":"2025-06-25T18:43:36.503Z"}
{"level":"error","message":"GET /api/users - 404 Not Found","timestamp":"2025-06-25T18:43:38.795Z"}
{"level":"error","message":"GET /api/movies - 404 Not Found","timestamp":"2025-06-25T18:43:39.690Z"}
{"level":"error","message":"GET /api/users - 404 Not Found","timestamp":"2025-06-25T18:46:37.285Z"}
{"level":"error","message":"GET /api/movies - 404 Not Found","timestamp":"2025-06-25T18:46:37.726Z"}
{"level":"error","message":"GET /api/movies - 404 Not Found","timestamp":"2025-06-25T18:47:17.010Z"}
{"level":"error","message":"GET /api/users - 404 Not Found","timestamp":"2025-06-25T18:47:18.543Z"}
{"level":"error","message":"GET /api/series - 404 Not Found","timestamp":"2025-06-25T18:47:18.967Z"}
{"level":"error","message":"POST /api/register - 404 Not Found","timestamp":"2025-06-25T18:51:15.458Z"}
{"level":"error","message":"POST /api/register - 404 Not Found","timestamp":"2025-06-25T18:55:57.081Z"}
{"level":"error","message":"POST /api/register - 404 Not Found","timestamp":"2025-06-25T19:00:55.108Z"}
{"level":"error","message":"POST /api/register - 404 Not Found","timestamp":"2025-06-25T19:07:11.587Z"}
{"level":"error","message":"POST /api/register - 404 Not Found","timestamp":"2025-06-25T19:08:06.206Z"}
{"level":"error","message":"POST /register - 404 Not Found","timestamp":"2025-06-26T07:34:56.331Z"}
{"level":"error","message":"GET /api/movies - 404 Not Found","timestamp":"2025-06-26T08:06:48.690Z"}
{"level":"error","message":"GET /api/users - 404 Not Found","timestamp":"2025-06-26T08:06:51.568Z"}
{"level":"error","message":"GET /api/movies - 404 Not Found","timestamp":"2025-06-26T08:06:52.197Z"}
