{"level":"info","message":"Register server running on port 3003","timestamp":"2025-06-26T07:40:14.467Z"}
{"level":"info","message":"POST /register","timestamp":"2025-06-26T07:40:45.045Z"}
{"level":"error","message":"POST /register - Hata: ORA-24415: Missing or null username.","stack":"Error: ORA-24415: Missing or null username.\n    at async initializePool (C:\\Users\\VİCTUS\\Desktop\\dizimag\\film-sitesi\\backend\\server_register\\db.js:15:12)\n    at async getConnection (C:\\Users\\VİCTUS\\Desktop\\dizimag\\film-sitesi\\backend\\server_register\\db.js:21:14)\n    at async handleRegister (C:\\Users\\VİCTUS\\Desktop\\dizimag\\film-sitesi\\backend\\server_register\\crud.js:8:18)\n    at async C:\\Users\\VİCTUS\\Desktop\\dizimag\\film-sitesi\\backend\\server_register\\routes.js:21:7","timestamp":"2025-06-26T07:40:45.176Z"}
{"level":"info","message":"POST /register","timestamp":"2025-06-26T07:40:52.916Z"}
{"level":"error","message":"POST /register - Hata: ORA-24415: Missing or null username.","stack":"Error: ORA-24415: Missing or null username.\n    at async initializePool (C:\\Users\\VİCTUS\\Desktop\\dizimag\\film-sitesi\\backend\\server_register\\db.js:15:12)\n    at async getConnection (C:\\Users\\VİCTUS\\Desktop\\dizimag\\film-sitesi\\backend\\server_register\\db.js:21:14)\n    at async handleRegister (C:\\Users\\VİCTUS\\Desktop\\dizimag\\film-sitesi\\backend\\server_register\\crud.js:8:18)\n    at async C:\\Users\\VİCTUS\\Desktop\\dizimag\\film-sitesi\\backend\\server_register\\routes.js:21:7","timestamp":"2025-06-26T07:40:52.924Z"}
{"level":"info","message":"Register server running on port 3003","timestamp":"2025-06-26T07:43:40.460Z"}
{"level":"info","message":"POST /register","timestamp":"2025-06-26T07:44:11.942Z"}
{"level":"error","message":"POST /register - Hata: logger is not defined","stack":"ReferenceError: logger is not defined\n    at initializePool (C:\\Users\\VİCTUS\\Desktop\\dizimag\\film-sitesi\\backend\\server_register\\db.js:18:5)\n    at async getConnection (C:\\Users\\VİCTUS\\Desktop\\dizimag\\film-sitesi\\backend\\server_register\\db.js:24:14)\n    at async handleRegister (C:\\Users\\VİCTUS\\Desktop\\dizimag\\film-sitesi\\backend\\server_register\\crud.js:8:18)\n    at async C:\\Users\\VİCTUS\\Desktop\\dizimag\\film-sitesi\\backend\\server_register\\routes.js:21:7","timestamp":"2025-06-26T07:44:12.376Z"}
{"level":"info","message":"Register server running on port 3003","timestamp":"2025-06-26T07:47:11.787Z"}
{"level":"info","message":"POST /register","timestamp":"2025-06-26T07:47:47.420Z"}
{"level":"info","message":"Veritabanı havuzu oluşturuldu","timestamp":"2025-06-26T07:47:47.720Z"}
{"level":"error","message":"POST /register - Hata: Cannot set headers after they are sent to the client","stack":"Error [ERR_HTTP_HEADERS_SENT]: Cannot set headers after they are sent to the client\n    at ServerResponse.setHeader (node:_http_outgoing:699:11)\n    at ServerResponse.header (C:\\Users\\VİCTUS\\Desktop\\dizimag\\film-sitesi\\backend\\server_register\\node_modules\\express\\lib\\response.js:794:10)\n    at ServerResponse.send (C:\\Users\\VİCTUS\\Desktop\\dizimag\\film-sitesi\\backend\\server_register\\node_modules\\express\\lib\\response.js:174:12)\n    at ServerResponse.json (C:\\Users\\VİCTUS\\Desktop\\dizimag\\film-sitesi\\backend\\server_register\\node_modules\\express\\lib\\response.js:278:15)\n    at C:\\Users\\VİCTUS\\Desktop\\dizimag\\film-sitesi\\backend\\server_register\\routes.js:22:23","timestamp":"2025-06-26T07:47:47.927Z"}
{"level":"info","message":"Register server running on port 3003","timestamp":"2025-07-01T11:41:31.530Z"}
{"level":"info","message":"Login server running on port 3002","timestamp":"2025-07-01T17:25:54.318Z"}
{"level":"info","message":"POST /api/register","timestamp":"2025-07-01T17:27:10.314Z"}
{"level":"error","message":"POST /api/register - Hata: Kayıt işlemi başarısız: oracledb is not defined","stack":"Error: Kayıt işlemi başarısız: oracledb is not defined\n    at handleRegister (C:\\Users\\VİCTUS\\Desktop\\dizimag\\film-sitesi\\backend\\server_register\\crud.js:32:11)\n    at async C:\\Users\\VİCTUS\\Desktop\\dizimag\\film-sitesi\\backend\\server_register\\routes.js:21:7","timestamp":"2025-07-01T17:27:10.767Z"}
{"level":"info","message":"Login server running on port 3002","timestamp":"2025-07-01T17:27:45.515Z"}
{"level":"info","message":"Login server running on port 3002","timestamp":"2025-07-01T17:29:56.338Z"}
{"level":"info","message":"POST /api/register","timestamp":"2025-07-01T17:30:07.849Z"}
{"level":"error","message":"POST /api/register - Hata: Cannot set headers after they are sent to the client","stack":"Error [ERR_HTTP_HEADERS_SENT]: Cannot set headers after they are sent to the client\n    at ServerResponse.setHeader (node:_http_outgoing:699:11)\n    at ServerResponse.header (C:\\Users\\VİCTUS\\Desktop\\dizimag\\film-sitesi\\backend\\server_register\\node_modules\\express\\lib\\response.js:794:10)\n    at ServerResponse.send (C:\\Users\\VİCTUS\\Desktop\\dizimag\\film-sitesi\\backend\\server_register\\node_modules\\express\\lib\\response.js:174:12)\n    at ServerResponse.json (C:\\Users\\VİCTUS\\Desktop\\dizimag\\film-sitesi\\backend\\server_register\\node_modules\\express\\lib\\response.js:278:15)\n    at C:\\Users\\VİCTUS\\Desktop\\dizimag\\film-sitesi\\backend\\server_register\\routes.js:22:23","timestamp":"2025-07-01T17:30:08.370Z"}
{"level":"info","message":"Login server running on port 3003","timestamp":"2025-07-01T17:34:16.595Z"}
{"level":"info","message":"POST /api/register","timestamp":"2025-07-01T17:34:49.421Z"}
{"level":"error","message":"POST /api/register - Hata: Cannot set headers after they are sent to the client","stack":"Error [ERR_HTTP_HEADERS_SENT]: Cannot set headers after they are sent to the client\n    at ServerResponse.setHeader (node:_http_outgoing:699:11)\n    at ServerResponse.header (C:\\Users\\VİCTUS\\Desktop\\dizimag\\film-sitesi\\backend\\server_register\\node_modules\\express\\lib\\response.js:794:10)\n    at ServerResponse.send (C:\\Users\\VİCTUS\\Desktop\\dizimag\\film-sitesi\\backend\\server_register\\node_modules\\express\\lib\\response.js:174:12)\n    at ServerResponse.json (C:\\Users\\VİCTUS\\Desktop\\dizimag\\film-sitesi\\backend\\server_register\\node_modules\\express\\lib\\response.js:278:15)\n    at C:\\Users\\VİCTUS\\Desktop\\dizimag\\film-sitesi\\backend\\server_register\\routes.js:28:23","timestamp":"2025-07-01T17:34:49.919Z"}
{"level":"info","message":"Login server running on port 3003","timestamp":"2025-07-01T17:38:14.606Z"}
{"level":"info","message":"POST /api/register","timestamp":"2025-07-01T17:39:28.312Z"}
{"level":"error","message":"POST /api/register - Hata: Cannot set headers after they are sent to the client","stack":"Error [ERR_HTTP_HEADERS_SENT]: Cannot set headers after they are sent to the client\n    at ServerResponse.setHeader (node:_http_outgoing:699:11)\n    at ServerResponse.header (C:\\Users\\VİCTUS\\Desktop\\dizimag\\film-sitesi\\backend\\server_register\\node_modules\\express\\lib\\response.js:794:10)\n    at ServerResponse.send (C:\\Users\\VİCTUS\\Desktop\\dizimag\\film-sitesi\\backend\\server_register\\node_modules\\express\\lib\\response.js:174:12)\n    at ServerResponse.json (C:\\Users\\VİCTUS\\Desktop\\dizimag\\film-sitesi\\backend\\server_register\\node_modules\\express\\lib\\response.js:278:15)\n    at C:\\Users\\VİCTUS\\Desktop\\dizimag\\film-sitesi\\backend\\server_register\\routes.js:32:10","timestamp":"2025-07-01T17:39:28.670Z"}
{"level":"info","message":"Login server running on port 3003","timestamp":"2025-07-01T17:44:22.642Z"}
{"level":"info","message":"POST /api/register","timestamp":"2025-07-01T17:44:33.555Z"}
{"level":"error","message":"POST /api/register - Hata: Cannot set headers after they are sent to the client","stack":"Error [ERR_HTTP_HEADERS_SENT]: Cannot set headers after they are sent to the client\n    at ServerResponse.setHeader (node:_http_outgoing:699:11)\n    at ServerResponse.header (C:\\Users\\VİCTUS\\Desktop\\dizimag\\film-sitesi\\backend\\server_register\\node_modules\\express\\lib\\response.js:794:10)\n    at ServerResponse.send (C:\\Users\\VİCTUS\\Desktop\\dizimag\\film-sitesi\\backend\\server_register\\node_modules\\express\\lib\\response.js:174:12)\n    at ServerResponse.json (C:\\Users\\VİCTUS\\Desktop\\dizimag\\film-sitesi\\backend\\server_register\\node_modules\\express\\lib\\response.js:278:15)\n    at C:\\Users\\VİCTUS\\Desktop\\dizimag\\film-sitesi\\backend\\server_register\\routes.js:33:10","timestamp":"2025-07-01T17:44:34.045Z"}
{"level":"info","message":"POST /api/register","timestamp":"2025-07-01T17:45:45.254Z"}
{"level":"error","message":"POST /api/register - Hata: Cannot set headers after they are sent to the client","stack":"Error [ERR_HTTP_HEADERS_SENT]: Cannot set headers after they are sent to the client\n    at ServerResponse.setHeader (node:_http_outgoing:699:11)\n    at ServerResponse.header (C:\\Users\\VİCTUS\\Desktop\\dizimag\\film-sitesi\\backend\\server_register\\node_modules\\express\\lib\\response.js:794:10)\n    at ServerResponse.send (C:\\Users\\VİCTUS\\Desktop\\dizimag\\film-sitesi\\backend\\server_register\\node_modules\\express\\lib\\response.js:174:12)\n    at ServerResponse.json (C:\\Users\\VİCTUS\\Desktop\\dizimag\\film-sitesi\\backend\\server_register\\node_modules\\express\\lib\\response.js:278:15)\n    at C:\\Users\\VİCTUS\\Desktop\\dizimag\\film-sitesi\\backend\\server_register\\routes.js:33:10","timestamp":"2025-07-01T17:45:45.485Z"}
{"level":"info","message":"Veritabanı havuzu oluşturuldu","timestamp":"2025-07-01T17:47:37.727Z"}
{"level":"info","message":"Register server running on port 3003","timestamp":"2025-07-01T17:47:37.734Z"}
{"level":"info","message":"POST /api/register","timestamp":"2025-07-01T17:47:56.605Z"}
{"level":"error","message":"POST /api/register - Hata: Kayıt işlemi başarısız: Bu e-posta zaten kayıtlı","stack":"Error: Kayıt işlemi başarısız: Bu e-posta zaten kayıtlı\n    at handleRegister (C:\\Users\\VİCTUS\\Desktop\\dizimag\\film-sitesi\\backend\\server_register\\crud.js:30:11)\n    at async C:\\Users\\VİCTUS\\Desktop\\dizimag\\film-sitesi\\backend\\server_register\\routes.js:24:24","timestamp":"2025-07-01T17:47:56.783Z"}
{"level":"info","message":"POST /api/register","timestamp":"2025-07-01T17:48:04.011Z"}
{"level":"info","message":"Veritabanı havuzu oluşturuldu","timestamp":"2025-07-03T18:57:36.708Z"}
{"level":"info","message":"Register server running on port 3003","timestamp":"2025-07-03T18:57:36.718Z"}
{"level":"info","message":"POST /api/register","timestamp":"2025-07-03T18:58:24.049Z"}
{"level":"info","message":"Veritabanı havuzu oluşturuldu","timestamp":"2025-07-05T15:28:53.544Z"}
{"level":"info","message":"Register server running on port undefined","timestamp":"2025-07-05T15:28:53.548Z"}
{"level":"info","message":"Veritabanı havuzu oluşturuldu","timestamp":"2025-07-05T15:37:15.280Z"}
{"level":"info","message":"Veritabanı havuzu oluşturuldu","timestamp":"2025-07-05T15:38:37.401Z"}
{"level":"info","message":"Register server running on port 3005","timestamp":"2025-07-05T15:38:37.405Z"}
{"level":"info","message":"Veritabanı havuzu oluşturuldu","timestamp":"2025-07-05T15:44:50.914Z"}
{"level":"info","message":"Register server running on port 3005","timestamp":"2025-07-05T15:44:50.918Z"}
{"level":"info","message":"POST /api/register","timestamp":"2025-07-05T15:45:00.703Z"}
{"level":"error","message":"POST /api/register - ERROR: Cannot read properties of undefined (reading 'saltRounds')","stack":"TypeError: Cannot read properties of undefined (reading 'saltRounds')\n    at handleRegister (C:\\Users\\VİCTUS\\Desktop\\dizimag\\film-sitesi\\backend\\server_register\\crud.js:12:21)\n    at async C:\\Users\\VİCTUS\\Desktop\\dizimag\\film-sitesi\\backend\\server_register\\routes.js:33:24","timestamp":"2025-07-05T15:45:00.881Z"}
{"level":"info","message":"Veritabanı havuzu oluşturuldu","timestamp":"2025-07-05T15:50:09.946Z"}
{"level":"info","message":"Register server running on port 3005","timestamp":"2025-07-05T15:50:09.951Z"}
{"level":"info","message":"POST /api/register","timestamp":"2025-07-05T15:50:17.491Z"}
{"level":"info","message":"Veritabanı havuzu oluşturuldu","timestamp":"2025-07-17T08:07:41.680Z"}
{"level":"info","message":"Register server running on port 3005","timestamp":"2025-07-17T08:07:41.691Z"}
{"level":"info","message":"POST /api/register","timestamp":"2025-07-17T08:07:55.365Z"}
{"level":"info","message":"POST /api/register","timestamp":"2025-07-17T08:21:13.999Z"}
{"level":"info","message":"POST /api/register","timestamp":"2025-07-17T08:29:10.192Z"}
{"level":"info","message":"Veritabanı havuzu oluşturuldu","timestamp":"2025-07-17T08:35:13.018Z"}
{"level":"info","message":"Register server running on port 3005","timestamp":"2025-07-17T08:35:13.028Z"}
{"level":"info","message":"Veritabanı havuzu oluşturuldu","timestamp":"2025-07-17T08:38:55.235Z"}
{"level":"info","message":"Register server running on port 3005","timestamp":"2025-07-17T08:38:55.245Z"}
{"level":"info","message":"Veritabanı havuzu oluşturuldu","timestamp":"2025-07-17T09:09:34.516Z"}
{"level":"info","message":"Register server running on port 3005","timestamp":"2025-07-17T09:09:34.529Z"}
{"level":"info","message":"Veritabanı havuzu oluşturuldu","timestamp":"2025-07-17T09:26:39.185Z"}
{"level":"info","message":"Register server running on port 3005","timestamp":"2025-07-17T09:26:39.189Z"}
