{"level":"info","message":"Login server running on port 3002","timestamp":"2025-06-26T07:56:52.636Z"}
{"level":"info","message":"POST /login","timestamp":"2025-06-26T07:57:18.412Z"}
{"level":"error","message":"POST /login - Hata: ORA-24415: Missing or null username.","stack":"Error: ORA-24415: Missing or null username.\n    at async initializePool (C:\\Users\\VİCTUS\\Desktop\\dizimag\\film-sitesi\\backend\\server_login\\db.js:15:12)\n    at async getConnection (C:\\Users\\VİCTUS\\Desktop\\dizimag\\film-sitesi\\backend\\server_login\\db.js:21:14)\n    at async loginUser (C:\\Users\\VİCTUS\\Desktop\\dizimag\\film-sitesi\\backend\\server_login\\auth.js:7:18)","timestamp":"2025-06-26T07:57:18.449Z"}
{"level":"info","message":"Login server running on port 3002","timestamp":"2025-06-26T07:59:07.377Z"}
{"level":"info","message":"POST /login","timestamp":"2025-06-26T07:59:33.772Z"}
{"level":"info","message":"Login server running on port 3002","timestamp":"2025-06-26T08:05:48.006Z"}
{"level":"info","message":"POST /login","timestamp":"2025-06-26T08:06:46.044Z"}
{"level":"info","message":"Login server running on port 3002","timestamp":"2025-06-26T13:22:06.971Z"}
{"level":"info","message":"POST /login","timestamp":"2025-06-26T13:22:37.072Z"}
{"level":"info","message":"Login server running on port 3002","timestamp":"2025-06-30T15:53:30.164Z"}
{"level":"info","message":"POST /login","timestamp":"2025-06-30T16:58:19.147Z"}
{"level":"info","message":"POST /login","timestamp":"2025-06-30T17:22:24.974Z"}
{"level":"info","message":"Login server running on port 3002","timestamp":"2025-07-01T11:33:01.967Z"}
{"level":"info","message":"Login server running on port 3002","timestamp":"2025-07-01T11:39:59.496Z"}
{"level":"info","message":"Login server running on port 3002","timestamp":"2025-07-01T13:18:44.363Z"}
{"level":"info","message":"POST /api/login","timestamp":"2025-07-01T13:18:48.041Z"}
{"level":"error","message":"POST /api/login - 404 Not Found","timestamp":"2025-07-01T13:18:48.042Z"}
{"level":"info","message":"Login server running on port 3002","timestamp":"2025-07-01T16:59:45.647Z"}
{"level":"info","message":"POST /api/login","timestamp":"2025-07-01T17:00:12.222Z"}
{"level":"error","message":"POST /api/login - 404 Not Found","timestamp":"2025-07-01T17:00:12.224Z"}
{"level":"info","message":"Login server running on port 3002","timestamp":"2025-07-01T17:02:20.241Z"}
{"level":"info","message":"POST /api/login","timestamp":"2025-07-01T17:02:26.373Z"}
{"level":"error","message":"POST /api/login - 404 Not Found","timestamp":"2025-07-01T17:02:26.375Z"}
{"level":"info","message":"POST /api/login","timestamp":"2025-07-01T17:02:56.098Z"}
{"level":"error","message":"POST /api/login - 404 Not Found","timestamp":"2025-07-01T17:02:56.100Z"}
{"level":"info","message":"Veritabanı havuzu oluşturuldu","timestamp":"2025-07-01T17:17:54.008Z"}
{"level":"info","message":"Login server running on port 3002","timestamp":"2025-07-01T17:17:54.018Z"}
{"level":"info","message":"POST /api/login","timestamp":"2025-07-01T17:18:19.850Z"}
{"level":"info","message":"POST /api/login","timestamp":"2025-07-01T17:18:53.708Z"}
{"level":"info","message":"Veritabanı havuzu oluşturuldu","timestamp":"2025-07-01T17:21:29.834Z"}
{"level":"info","message":"Login server running on port 3002","timestamp":"2025-07-01T17:21:29.845Z"}
{"level":"info","message":"POST /api/login","timestamp":"2025-07-01T17:21:33.072Z"}
{"level":"info","message":"Veritabanı havuzu oluşturuldu","timestamp":"2025-07-01T17:26:14.996Z"}
{"level":"info","message":"Veritabanı havuzu oluşturuldu","timestamp":"2025-07-01T17:34:07.665Z"}
{"level":"info","message":"Login server running on port 3002","timestamp":"2025-07-01T17:34:07.673Z"}
{"level":"info","message":"POST /api/login","timestamp":"2025-07-01T17:35:46.227Z"}
{"level":"info","message":"Veritabanı havuzu oluşturuldu","timestamp":"2025-07-01T17:38:48.091Z"}
{"level":"info","message":"Login server running on port 3002","timestamp":"2025-07-01T17:38:48.101Z"}
{"level":"info","message":"Veritabanı havuzu oluşturuldu","timestamp":"2025-07-02T17:16:30.930Z"}
{"level":"info","message":"Login server running on port 3002","timestamp":"2025-07-02T17:16:30.944Z"}
{"level":"info","message":"POST /login","timestamp":"2025-07-02T17:27:54.081Z"}
{"level":"error","message":"POST /login - 404 Not Found","timestamp":"2025-07-02T17:27:54.083Z"}
{"level":"info","message":"Veritabanı havuzu oluşturuldu","timestamp":"2025-07-03T14:26:16.140Z"}
{"level":"info","message":"Login server running on port 3002","timestamp":"2025-07-03T14:26:16.145Z"}
{"level":"info","message":"Veritabanı havuzu oluşturuldu","timestamp":"2025-07-03T18:55:40.954Z"}
{"level":"info","message":"Login server running on port 3002","timestamp":"2025-07-03T18:55:40.967Z"}
{"level":"info","message":"POST /api/login","timestamp":"2025-07-03T19:00:14.836Z"}
{"level":"info","message":"GET /api/protected","timestamp":"2025-07-03T19:02:37.769Z"}
{"level":"info","message":"GET /api/protected","timestamp":"2025-07-03T19:02:57.657Z"}
{"level":"info","message":"POST /api/protected","timestamp":"2025-07-03T19:05:24.242Z"}
{"level":"info","message":"POST /api/protected","timestamp":"2025-07-03T19:05:31.046Z"}
{"level":"info","message":"GET /api/protected","timestamp":"2025-07-03T19:05:33.808Z"}
{"level":"info","message":"POST /api/login","timestamp":"2025-07-03T19:07:18.278Z"}
{"level":"error","message":"SyntaxError: Unexpected token ',', \",\" is not valid JSON\n    at JSON.parse (<anonymous>)\n    at createStrictSyntaxError (C:\\Users\\VİCTUS\\Desktop\\dizimag\\film-sitesi\\backend\\server_login\\node_modules\\body-parser\\lib\\types\\json.js:169:10)\n    at parse (C:\\Users\\VİCTUS\\Desktop\\dizimag\\film-sitesi\\backend\\server_login\\node_modules\\body-parser\\lib\\types\\json.js:86:15)\n    at C:\\Users\\VİCTUS\\Desktop\\dizimag\\film-sitesi\\backend\\server_login\\node_modules\\body-parser\\lib\\read.js:128:18\n    at AsyncResource.runInAsyncScope (node:async_hooks:214:14)\n    at invokeCallback (C:\\Users\\VİCTUS\\Desktop\\dizimag\\film-sitesi\\backend\\server_login\\node_modules\\raw-body\\index.js:238:16)\n    at done (C:\\Users\\VİCTUS\\Desktop\\dizimag\\film-sitesi\\backend\\server_login\\node_modules\\raw-body\\index.js:227:7)\n    at IncomingMessage.onEnd (C:\\Users\\VİCTUS\\Desktop\\dizimag\\film-sitesi\\backend\\server_login\\node_modules\\raw-body\\index.js:287:7)\n    at IncomingMessage.emit (node:events:518:28)\n    at endReadableNT (node:internal/streams/readable:1698:12)","timestamp":"2025-07-03T19:16:34.075Z"}
{"level":"info","message":"GET /api/protected","timestamp":"2025-07-03T19:17:06.244Z"}
{"level":"info","message":"Veritabanı havuzu oluşturuldu","timestamp":"2025-07-03T20:17:08.071Z"}
{"level":"info","message":"Login server running on port 3002","timestamp":"2025-07-03T20:17:08.081Z"}
{"level":"info","message":"POST /api/login","timestamp":"2025-07-03T20:17:10.567Z"}
{"level":"info","message":"GET /api/protected","timestamp":"2025-07-03T20:20:14.915Z"}
{"level":"info","message":"POST /api/login","timestamp":"2025-07-03T20:20:29.586Z"}
{"level":"info","message":"GET /api/protected","timestamp":"2025-07-03T20:21:00.613Z"}
{"level":"info","message":"POST /api/login","timestamp":"2025-07-03T20:21:30.764Z"}
{"level":"info","message":"GET /api/protected","timestamp":"2025-07-03T20:23:49.175Z"}
{"level":"info","message":"POST /api/login","timestamp":"2025-07-03T20:24:30.776Z"}
{"level":"info","message":"GET /api/protected","timestamp":"2025-07-03T20:28:48.718Z"}
{"level":"info","message":"POST /api/login","timestamp":"2025-07-03T20:29:08.678Z"}
{"level":"info","message":"GET /api/protected","timestamp":"2025-07-03T20:30:19.706Z"}
{"level":"info","message":"POST /api/login","timestamp":"2025-07-03T20:30:29.844Z"}
{"level":"info","message":"GET /api/protected","timestamp":"2025-07-03T20:32:06.131Z"}
{"level":"info","message":"GET /api/protected","timestamp":"2025-07-03T20:32:11.752Z"}
{"level":"info","message":"Veritabanı havuzu oluşturuldu","timestamp":"2025-07-05T10:42:36.277Z"}
{"level":"info","message":"Login server running on port 3002","timestamp":"2025-07-05T10:42:36.282Z"}
{"level":"info","message":"GET /api/protected","timestamp":"2025-07-05T10:42:55.761Z"}
{"level":"info","message":"POST /api/login","timestamp":"2025-07-05T10:44:22.708Z"}
{"level":"info","message":"GET /api/protected","timestamp":"2025-07-05T10:46:14.611Z"}
{"level":"info","message":"POST /api/login","timestamp":"2025-07-05T10:46:27.705Z"}
{"level":"info","message":"GET /api/protected","timestamp":"2025-07-05T10:47:20.976Z"}
{"level":"info","message":"POST /api/login","timestamp":"2025-07-05T10:47:32.653Z"}
{"level":"info","message":"POST /api/logout","timestamp":"2025-07-05T10:47:46.330Z"}
{"level":"info","message":"POST /api/login","timestamp":"2025-07-05T10:48:05.853Z"}
{"level":"info","message":"GET /api/protected","timestamp":"2025-07-05T10:52:32.908Z"}
{"level":"info","message":"POST /api/login","timestamp":"2025-07-05T10:52:44.577Z"}
{"level":"info","message":"GET /api/protected","timestamp":"2025-07-05T11:00:40.916Z"}
{"level":"info","message":"POST /api/login","timestamp":"2025-07-05T11:00:48.771Z"}
{"level":"info","message":"GET /api/protected","timestamp":"2025-07-05T11:01:35.862Z"}
{"level":"info","message":"POST /api/login","timestamp":"2025-07-05T11:01:45.714Z"}
{"level":"info","message":"GET /api/protected","timestamp":"2025-07-05T11:02:02.026Z"}
{"level":"info","message":"POST /api/login","timestamp":"2025-07-05T11:02:13.400Z"}
{"level":"info","message":"GET /api/protected","timestamp":"2025-07-05T11:02:28.696Z"}
{"level":"info","message":"POST /api/login","timestamp":"2025-07-05T11:02:38.316Z"}
{"level":"info","message":"GET /api/protected","timestamp":"2025-07-05T11:03:22.026Z"}
{"level":"info","message":"POST /api/login","timestamp":"2025-07-05T11:03:31.785Z"}
{"level":"info","message":"GET /api/protected","timestamp":"2025-07-05T11:08:18.952Z"}
{"level":"info","message":"POST /api/login","timestamp":"2025-07-05T11:08:27.798Z"}
{"level":"info","message":"GET /api/protected","timestamp":"2025-07-05T11:12:58.298Z"}
{"level":"info","message":"POST /api/login","timestamp":"2025-07-05T11:13:08.188Z"}
{"level":"info","message":"GET /api/protected","timestamp":"2025-07-05T11:14:26.215Z"}
{"level":"info","message":"POST /api/login","timestamp":"2025-07-05T11:14:36.104Z"}
{"level":"info","message":"GET /api/protected","timestamp":"2025-07-05T11:39:30.650Z"}
{"level":"info","message":"POST /api/login","timestamp":"2025-07-05T11:39:39.192Z"}
{"level":"info","message":"GET /api/protected","timestamp":"2025-07-05T11:40:02.136Z"}
{"level":"info","message":"POST /api/login","timestamp":"2025-07-05T11:40:09.072Z"}
{"level":"info","message":"GET /api/protected","timestamp":"2025-07-05T11:41:23.843Z"}
{"level":"info","message":"POST /api/login","timestamp":"2025-07-05T11:41:31.878Z"}
{"level":"info","message":"GET /api/protected","timestamp":"2025-07-05T11:47:33.083Z"}
{"level":"info","message":"POST /api/login","timestamp":"2025-07-05T11:47:40.342Z"}
{"level":"info","message":"GET /api/protected","timestamp":"2025-07-05T11:49:44.514Z"}
{"level":"info","message":"POST /api/login","timestamp":"2025-07-05T11:49:53.369Z"}
{"level":"info","message":"GET /api/protected","timestamp":"2025-07-05T11:49:56.700Z"}
{"level":"info","message":"POST /api/login","timestamp":"2025-07-05T11:50:09.298Z"}
{"level":"info","message":"GET /api/protected","timestamp":"2025-07-05T11:50:13.000Z"}
{"level":"info","message":"POST /api/login","timestamp":"2025-07-05T11:50:50.693Z"}
{"level":"info","message":"GET /api/protected","timestamp":"2025-07-05T12:03:37.771Z"}
{"level":"info","message":"GET /api/protected","timestamp":"2025-07-05T12:03:40.107Z"}
{"level":"info","message":"POST /api/login","timestamp":"2025-07-05T12:03:47.934Z"}
{"level":"info","message":"POST /api/login","timestamp":"2025-07-05T12:03:58.312Z"}
{"level":"info","message":"POST /api/logout","timestamp":"2025-07-05T12:04:18.096Z"}
{"level":"info","message":"POST /api/login","timestamp":"2025-07-05T12:10:27.069Z"}
{"level":"info","message":"GET /api/protected","timestamp":"2025-07-05T12:10:39.044Z"}
{"level":"info","message":"GET /api/protected","timestamp":"2025-07-05T12:11:25.920Z"}
{"level":"info","message":"GET /api/protected","timestamp":"2025-07-05T12:11:28.703Z"}
{"level":"info","message":"GET /api/protected","timestamp":"2025-07-05T12:11:39.087Z"}
{"level":"info","message":"GET /api/protected","timestamp":"2025-07-05T12:11:40.828Z"}
{"level":"info","message":"GET /api/protected","timestamp":"2025-07-05T12:22:55.251Z"}
{"level":"info","message":"GET /api/protected","timestamp":"2025-07-05T12:22:56.538Z"}
{"level":"info","message":"GET /api/protected","timestamp":"2025-07-05T12:26:42.044Z"}
{"level":"info","message":"GET /api/protected","timestamp":"2025-07-05T12:26:45.622Z"}
{"level":"info","message":"GET /api/protected","timestamp":"2025-07-05T12:30:32.236Z"}
{"level":"info","message":"GET /api/protected","timestamp":"2025-07-05T12:33:42.637Z"}
{"level":"info","message":"GET /api/protected","timestamp":"2025-07-05T12:34:48.851Z"}
{"level":"info","message":"GET /api/protected","timestamp":"2025-07-05T12:34:51.121Z"}
{"level":"info","message":"GET /api/protected","timestamp":"2025-07-05T12:34:58.814Z"}
{"level":"info","message":"GET /api/protected","timestamp":"2025-07-05T12:35:05.416Z"}
{"level":"info","message":"GET /api/protected","timestamp":"2025-07-05T12:35:15.961Z"}
{"level":"info","message":"GET /api/protected","timestamp":"2025-07-05T12:35:43.399Z"}
{"level":"info","message":"GET /api/protected","timestamp":"2025-07-05T12:35:53.136Z"}
{"level":"info","message":"GET /api/protected","timestamp":"2025-07-05T12:35:58.600Z"}
{"level":"info","message":"GET /api/protected","timestamp":"2025-07-05T12:36:13.658Z"}
{"level":"info","message":"GET /api/protected","timestamp":"2025-07-05T12:36:46.265Z"}
{"level":"info","message":"GET /api/protected","timestamp":"2025-07-05T12:42:51.758Z"}
{"level":"info","message":"GET /api/protected","timestamp":"2025-07-05T12:46:32.836Z"}
{"level":"info","message":"GET /api/protected","timestamp":"2025-07-05T12:46:40.041Z"}
{"level":"info","message":"GET /api/protected","timestamp":"2025-07-05T12:47:13.500Z"}
{"level":"info","message":"GET /api/protected","timestamp":"2025-07-05T12:47:18.693Z"}
{"level":"info","message":"GET /api/protected","timestamp":"2025-07-05T12:48:11.140Z"}
{"level":"info","message":"GET /api/protected","timestamp":"2025-07-05T12:49:26.446Z"}
{"level":"info","message":"GET /api/protected","timestamp":"2025-07-05T12:49:35.287Z"}
{"level":"info","message":"GET /api/protected","timestamp":"2025-07-05T12:51:50.870Z"}
{"level":"info","message":"POST /api/login","timestamp":"2025-07-05T12:58:40.115Z"}
{"level":"info","message":"POST /api/logout","timestamp":"2025-07-05T12:58:48.542Z"}
{"level":"info","message":"POST /api/login","timestamp":"2025-07-05T12:59:23.637Z"}
{"level":"info","message":"GET /api/protected","timestamp":"2025-07-05T13:02:15.816Z"}
{"level":"info","message":"GET /api/protected","timestamp":"2025-07-05T13:13:53.552Z"}
{"level":"info","message":"Veritabanı havuzu oluşturuldu","timestamp":"2025-07-05T13:14:24.025Z"}
{"level":"info","message":"Login server running on port 3002","timestamp":"2025-07-05T13:14:24.028Z"}
{"level":"info","message":"Veritabanı havuzu oluşturuldu","timestamp":"2025-07-05T13:24:41.888Z"}
{"level":"info","message":"Login server running on port 3002","timestamp":"2025-07-05T13:24:41.892Z"}
{"level":"info","message":"GET /api/protected","timestamp":"2025-07-05T13:24:52.023Z"}
{"level":"info","message":"POST /api/login","timestamp":"2025-07-05T13:26:07.590Z"}
{"level":"info","message":"POST /api/login","timestamp":"2025-07-05T13:26:25.134Z"}
{"level":"info","message":"GET /api/protected","timestamp":"2025-07-05T13:26:47.149Z"}
{"level":"info","message":"POST /api/login","timestamp":"2025-07-05T13:27:03.040Z"}
{"level":"info","message":"GET /api/protected","timestamp":"2025-07-05T14:02:47.731Z"}
{"level":"info","message":"POST /api/login","timestamp":"2025-07-05T14:02:57.838Z"}
{"level":"info","message":"Veritabanı havuzu oluşturuldu","timestamp":"2025-07-05T14:42:37.884Z"}
{"level":"info","message":"Login server running on port 3002","timestamp":"2025-07-05T14:42:37.888Z"}
{"level":"info","message":"GET /api/protected","timestamp":"2025-07-05T14:43:05.207Z"}
{"level":"info","message":"POST /api/logout","timestamp":"2025-07-05T14:43:07.613Z"}
{"level":"info","message":"POST /api/login","timestamp":"2025-07-05T14:43:21.741Z"}
{"level":"info","message":"POST /api/login","timestamp":"2025-07-05T14:43:37.025Z"}
{"level":"info","message":"GET /api/protected","timestamp":"2025-07-05T14:43:42.780Z"}
{"level":"info","message":"GET /api/protected","timestamp":"2025-07-05T14:43:46.425Z"}
{"level":"info","message":"POST /api/login","timestamp":"2025-07-05T14:43:56.588Z"}
{"level":"info","message":"GET /api/protected","timestamp":"2025-07-05T14:59:30.104Z"}
{"level":"info","message":"GET /api/protected","timestamp":"2025-07-05T14:59:48.371Z"}
{"level":"info","message":"GET /api/protected","timestamp":"2025-07-05T15:00:02.164Z"}
{"level":"info","message":"GET /api/protected","timestamp":"2025-07-05T15:00:40.955Z"}
{"level":"info","message":"GET /api/protected","timestamp":"2025-07-05T15:01:16.926Z"}
{"level":"info","message":"GET /api/protected","timestamp":"2025-07-05T15:01:54.943Z"}
{"level":"info","message":"GET /api/protected","timestamp":"2025-07-05T15:03:37.891Z"}
{"level":"info","message":"POST /api/logout","timestamp":"2025-07-05T15:04:09.439Z"}
{"level":"info","message":"GET /api/protected","timestamp":"2025-07-05T15:15:57.084Z"}
{"level":"info","message":"POST /api/login","timestamp":"2025-07-05T15:16:08.607Z"}
{"level":"info","message":"GET /api/protected","timestamp":"2025-07-05T15:16:14.745Z"}
{"level":"info","message":"POST /api/login","timestamp":"2025-07-05T15:16:24.878Z"}
{"level":"info","message":"GET /api/protected","timestamp":"2025-07-05T15:23:19.599Z"}
{"level":"info","message":"POST /api/login","timestamp":"2025-07-05T15:23:41.064Z"}
{"level":"info","message":"GET /api/protected","timestamp":"2025-07-05T15:26:02.528Z"}
{"level":"info","message":"POST /api/logout","timestamp":"2025-07-05T15:26:03.672Z"}
{"level":"info","message":"GET /api/protected","timestamp":"2025-07-05T15:33:28.146Z"}
{"level":"info","message":"POST /api/register","timestamp":"2025-07-05T15:34:05.598Z"}
{"level":"info","message":"GET /api/protected","timestamp":"2025-07-05T15:37:04.694Z"}
{"level":"info","message":"POST /api/register","timestamp":"2025-07-05T15:37:10.896Z"}
{"level":"info","message":"GET /api/protected","timestamp":"2025-07-05T15:38:42.218Z"}
{"level":"info","message":"POST /api/register","timestamp":"2025-07-05T15:38:48.857Z"}
{"level":"info","message":"GET /api/protected","timestamp":"2025-07-05T15:44:30.957Z"}
{"level":"info","message":"GET /api/protected","timestamp":"2025-07-05T15:44:54.000Z"}
{"level":"info","message":"GET /api/protected","timestamp":"2025-07-05T15:50:05.489Z"}
{"level":"info","message":"GET /api/protected","timestamp":"2025-07-05T15:50:20.284Z"}
{"level":"info","message":"GET /api/protected","timestamp":"2025-07-05T15:54:22.967Z"}
{"level":"info","message":"POST /api/login","timestamp":"2025-07-05T15:54:48.371Z"}
{"level":"info","message":"GET /api/protected","timestamp":"2025-07-05T16:09:41.836Z"}
{"level":"info","message":"GET /api/protected","timestamp":"2025-07-05T16:13:06.316Z"}
{"level":"info","message":"GET /api/protected","timestamp":"2025-07-05T16:13:32.136Z"}
{"level":"info","message":"GET /api/protected","timestamp":"2025-07-05T16:20:35.569Z"}
{"level":"info","message":"POST /api/logout","timestamp":"2025-07-05T16:27:29.179Z"}
{"level":"info","message":"POST /api/login","timestamp":"2025-07-05T16:27:38.827Z"}
{"level":"info","message":"GET /api/protected","timestamp":"2025-07-05T16:27:44.259Z"}
{"level":"info","message":"POST /api/login","timestamp":"2025-07-05T16:27:52.092Z"}
{"level":"info","message":"GET /api/protected","timestamp":"2025-07-05T16:55:23.376Z"}
{"level":"info","message":"POST /api/login","timestamp":"2025-07-05T16:55:36.443Z"}
{"level":"info","message":"Veritabanı havuzu oluşturuldu","timestamp":"2025-07-14T08:15:32.043Z"}
{"level":"info","message":"Login server running on port 3002","timestamp":"2025-07-14T08:15:32.054Z"}
{"level":"info","message":"GET /api/protected","timestamp":"2025-07-14T08:16:32.971Z"}
{"level":"info","message":"GET /api/protected","timestamp":"2025-07-14T08:17:05.956Z"}
{"level":"info","message":"POST /api/login","timestamp":"2025-07-14T08:17:16.369Z"}
{"level":"info","message":"GET /api/protected","timestamp":"2025-07-14T08:17:26.399Z"}
{"level":"info","message":"GET /api/protected","timestamp":"2025-07-14T08:17:30.771Z"}
{"level":"info","message":"POST /api/login","timestamp":"2025-07-14T08:17:43.259Z"}
{"level":"info","message":"GET /api/protected","timestamp":"2025-07-14T10:34:18.825Z"}
{"level":"info","message":"GET /api/protected","timestamp":"2025-07-14T10:34:23.474Z"}
{"level":"info","message":"POST /api/login","timestamp":"2025-07-14T10:34:32.508Z"}
{"level":"info","message":"GET /api/protected","timestamp":"2025-07-14T10:34:38.896Z"}
{"level":"info","message":"POST /api/login","timestamp":"2025-07-14T10:34:51.091Z"}
{"level":"info","message":"GET /api/protected","timestamp":"2025-07-14T10:45:24.459Z"}
{"level":"info","message":"GET /api/protected","timestamp":"2025-07-14T10:45:44.392Z"}
{"level":"info","message":"POST /api/login","timestamp":"2025-07-14T10:46:02.216Z"}
{"level":"info","message":"GET /api/protected","timestamp":"2025-07-14T16:46:09.280Z"}
{"level":"info","message":"GET /api/protected","timestamp":"2025-07-14T18:09:14.959Z"}
{"level":"info","message":"POST /api/login","timestamp":"2025-07-14T18:09:24.595Z"}
{"level":"info","message":"GET /api/protected","timestamp":"2025-07-14T18:09:29.974Z"}
{"level":"info","message":"POST /api/login","timestamp":"2025-07-14T18:09:42.618Z"}
{"level":"info","message":"GET /api/protected","timestamp":"2025-07-14T18:32:28.063Z"}
{"level":"info","message":"POST /api/login","timestamp":"2025-07-14T18:32:39.368Z"}
{"level":"info","message":"GET /api/protected","timestamp":"2025-07-14T18:34:38.661Z"}
{"level":"info","message":"POST /api/login","timestamp":"2025-07-14T18:34:47.647Z"}
{"level":"info","message":"GET /api/protected","timestamp":"2025-07-14T18:38:11.957Z"}
{"level":"info","message":"POST /api/login","timestamp":"2025-07-14T18:38:27.057Z"}
{"level":"info","message":"GET /api/protected","timestamp":"2025-07-14T18:38:59.679Z"}
{"level":"info","message":"GET /api/protected","timestamp":"2025-07-14T18:44:22.560Z"}
{"level":"info","message":"POST /api/logout","timestamp":"2025-07-14T18:47:24.181Z"}
{"level":"info","message":"Veritabanı havuzu oluşturuldu","timestamp":"2025-07-15T12:35:21.122Z"}
{"level":"info","message":"Login server running on port 3002","timestamp":"2025-07-15T12:35:21.126Z"}
{"level":"info","message":"GET /api/protected","timestamp":"2025-07-15T12:35:39.815Z"}
{"level":"info","message":"GET /api/protected","timestamp":"2025-07-15T12:50:46.018Z"}
{"level":"info","message":"GET /api/protected","timestamp":"2025-07-15T12:52:01.701Z"}
{"level":"info","message":"GET /api/protected","timestamp":"2025-07-15T12:52:55.760Z"}
{"level":"info","message":"GET /api/protected","timestamp":"2025-07-15T12:56:22.407Z"}
{"level":"info","message":"GET /api/protected","timestamp":"2025-07-15T12:57:50.505Z"}
{"level":"info","message":"GET /api/protected","timestamp":"2025-07-15T13:00:34.225Z"}
{"level":"info","message":"GET /api/protected","timestamp":"2025-07-15T13:00:50.672Z"}
{"level":"info","message":"GET /api/protected","timestamp":"2025-07-15T13:02:00.904Z"}
{"level":"info","message":"GET /api/protected","timestamp":"2025-07-15T13:02:11.450Z"}
{"level":"info","message":"GET /api/protected","timestamp":"2025-07-15T13:03:30.252Z"}
{"level":"info","message":"GET /api/protected","timestamp":"2025-07-15T13:46:28.567Z"}
{"level":"info","message":"GET /api/protected","timestamp":"2025-07-15T13:46:41.173Z"}
{"level":"info","message":"GET /api/protected","timestamp":"2025-07-15T14:08:33.501Z"}
{"level":"info","message":"GET /api/protected","timestamp":"2025-07-15T14:08:45.044Z"}
{"level":"info","message":"GET /api/protected","timestamp":"2025-07-15T14:12:08.179Z"}
{"level":"info","message":"GET /api/protected","timestamp":"2025-07-15T14:15:32.218Z"}
{"level":"info","message":"GET /api/protected","timestamp":"2025-07-15T14:17:49.968Z"}
{"level":"info","message":"GET /api/protected","timestamp":"2025-07-15T14:24:09.894Z"}
{"level":"info","message":"GET /api/protected","timestamp":"2025-07-15T14:24:35.597Z"}
{"level":"info","message":"GET /api/protected","timestamp":"2025-07-15T14:24:36.661Z"}
{"level":"info","message":"GET /api/protected","timestamp":"2025-07-15T14:26:59.899Z"}
{"level":"info","message":"GET /api/protected","timestamp":"2025-07-15T14:27:28.744Z"}
{"level":"info","message":"GET /api/protected","timestamp":"2025-07-15T14:28:50.450Z"}
{"level":"info","message":"GET /api/protected","timestamp":"2025-07-15T14:31:54.816Z"}
{"level":"info","message":"GET /api/protected","timestamp":"2025-07-15T14:32:05.618Z"}
{"level":"info","message":"GET /api/protected","timestamp":"2025-07-15T14:33:05.340Z"}
{"level":"info","message":"GET /api/protected","timestamp":"2025-07-15T14:34:24.620Z"}
{"level":"info","message":"GET /api/protected","timestamp":"2025-07-15T14:34:39.112Z"}
{"level":"info","message":"GET /api/protected","timestamp":"2025-07-15T14:34:57.252Z"}
{"level":"info","message":"GET /api/protected","timestamp":"2025-07-15T14:40:16.354Z"}
{"level":"info","message":"GET /api/protected","timestamp":"2025-07-15T14:42:06.062Z"}
{"level":"info","message":"GET /api/protected","timestamp":"2025-07-15T14:42:57.305Z"}
{"level":"info","message":"GET /api/protected","timestamp":"2025-07-15T14:43:11.122Z"}
{"level":"info","message":"Veritabanı havuzu oluşturuldu","timestamp":"2025-07-16T13:21:06.043Z"}
{"level":"info","message":"Login server running on port 3002","timestamp":"2025-07-16T13:21:06.046Z"}
{"level":"info","message":"GET /api/protected","timestamp":"2025-07-16T13:21:08.876Z"}
{"level":"info","message":"POST /api/login","timestamp":"2025-07-16T13:21:19.544Z"}
{"level":"info","message":"GET /api/protected","timestamp":"2025-07-16T13:21:26.060Z"}
{"level":"info","message":"POST /api/login","timestamp":"2025-07-16T13:21:35.369Z"}
{"level":"info","message":"GET /api/protected","timestamp":"2025-07-16T14:31:42.542Z"}
{"level":"info","message":"POST /api/login","timestamp":"2025-07-16T14:31:49.994Z"}
{"level":"info","message":"GET /api/protected","timestamp":"2025-07-16T14:33:52.154Z"}
{"level":"info","message":"POST /api/login","timestamp":"2025-07-16T14:34:05.473Z"}
{"level":"info","message":"GET /api/protected","timestamp":"2025-07-16T14:41:07.797Z"}
{"level":"info","message":"POST /api/login","timestamp":"2025-07-16T14:41:18.107Z"}
{"level":"info","message":"GET /api/protected","timestamp":"2025-07-16T14:44:58.118Z"}
{"level":"info","message":"GET /api/protected","timestamp":"2025-07-16T14:45:09.647Z"}
{"level":"info","message":"POST /api/login","timestamp":"2025-07-16T14:45:17.412Z"}
{"level":"info","message":"GET /api/protected","timestamp":"2025-07-16T15:26:44.092Z"}
{"level":"info","message":"POST /api/login","timestamp":"2025-07-16T15:26:52.893Z"}
{"level":"info","message":"POST /api/login","timestamp":"2025-07-16T15:26:58.535Z"}
{"level":"info","message":"GET /api/protected","timestamp":"2025-07-16T15:27:16.159Z"}
{"level":"info","message":"POST /api/login","timestamp":"2025-07-16T15:27:24.133Z"}
{"level":"info","message":"GET /api/protected","timestamp":"2025-07-16T15:28:40.779Z"}
{"level":"info","message":"POST /api/login","timestamp":"2025-07-16T15:28:49.569Z"}
{"level":"info","message":"GET /api/protected","timestamp":"2025-07-16T15:29:18.967Z"}
{"level":"info","message":"POST /api/login","timestamp":"2025-07-16T15:29:27.391Z"}
{"level":"info","message":"GET /api/protected","timestamp":"2025-07-16T15:41:47.368Z"}
{"level":"info","message":"POST /api/login","timestamp":"2025-07-16T15:41:55.591Z"}
{"level":"info","message":"GET /api/protected","timestamp":"2025-07-16T15:45:28.474Z"}
{"level":"info","message":"GET /api/protected","timestamp":"2025-07-16T15:46:20.007Z"}
{"level":"info","message":"POST /api/login","timestamp":"2025-07-16T15:46:30.668Z"}
{"level":"info","message":"GET /api/protected","timestamp":"2025-07-16T15:53:48.940Z"}
{"level":"info","message":"POST /api/login","timestamp":"2025-07-16T15:53:57.936Z"}
{"level":"info","message":"GET /api/protected","timestamp":"2025-07-16T16:03:39.944Z"}
{"level":"info","message":"POST /api/login","timestamp":"2025-07-16T16:03:47.283Z"}
{"level":"info","message":"GET /api/protected","timestamp":"2025-07-16T17:01:38.924Z"}
{"level":"info","message":"POST /api/login","timestamp":"2025-07-16T17:01:50.512Z"}
{"level":"info","message":"GET /api/protected","timestamp":"2025-07-16T17:04:26.438Z"}
{"level":"info","message":"POST /api/login","timestamp":"2025-07-16T17:04:35.299Z"}
{"level":"info","message":"GET /api/protected","timestamp":"2025-07-16T17:08:51.611Z"}
{"level":"info","message":"POST /api/login","timestamp":"2025-07-16T17:09:21.104Z"}
{"level":"info","message":"GET /api/protected","timestamp":"2025-07-16T17:15:34.549Z"}
{"level":"info","message":"POST /api/login","timestamp":"2025-07-16T17:15:42.160Z"}
{"level":"info","message":"Veritabanı havuzu oluşturuldu","timestamp":"2025-07-17T07:44:25.454Z"}
{"level":"info","message":"Login server running on port 3002","timestamp":"2025-07-17T07:44:25.465Z"}
{"level":"info","message":"GET /api/protected","timestamp":"2025-07-17T07:44:52.693Z"}
{"level":"info","message":"POST /api/logout","timestamp":"2025-07-17T08:11:57.179Z"}
{"level":"info","message":"GET /api/protected","timestamp":"2025-07-17T08:14:53.079Z"}
{"level":"info","message":"GET /api/protected","timestamp":"2025-07-17T08:15:04.962Z"}
{"level":"info","message":"GET /api/protected","timestamp":"2025-07-17T08:18:04.378Z"}
{"level":"info","message":"GET /api/protected","timestamp":"2025-07-17T08:18:20.013Z"}
{"level":"info","message":"POST /api/login","timestamp":"2025-07-17T08:20:16.532Z"}
{"level":"info","message":"GET /api/protected","timestamp":"2025-07-17T08:20:35.757Z"}
{"level":"info","message":"POST /api/logout","timestamp":"2025-07-17T08:20:49.151Z"}
{"level":"info","message":"POST /api/logout","timestamp":"2025-07-17T08:22:07.746Z"}
{"level":"info","message":"POST /api/login","timestamp":"2025-07-17T08:22:34.330Z"}
{"level":"info","message":"GET /api/protected","timestamp":"2025-07-17T08:22:41.370Z"}
{"level":"info","message":"GET /api/protected","timestamp":"2025-07-17T08:22:49.397Z"}
{"level":"info","message":"POST /api/login","timestamp":"2025-07-17T08:22:56.916Z"}
{"level":"info","message":"GET /api/protected","timestamp":"2025-07-17T08:23:09.022Z"}
{"level":"info","message":"POST /api/logout","timestamp":"2025-07-17T08:23:11.328Z"}
{"level":"info","message":"POST /api/logout","timestamp":"2025-07-17T08:30:11.056Z"}
{"level":"info","message":"POST /api/login","timestamp":"2025-07-17T08:30:22.860Z"}
{"level":"info","message":"GET /api/protected","timestamp":"2025-07-17T08:30:41.280Z"}
{"level":"info","message":"POST /api/logout","timestamp":"2025-07-17T08:31:08.087Z"}
{"level":"info","message":"Veritabanı havuzu oluşturuldu","timestamp":"2025-07-17T08:35:19.546Z"}
{"level":"info","message":"Login server running on port 3002","timestamp":"2025-07-17T08:35:19.555Z"}
{"level":"info","message":"GET /api/protected","timestamp":"2025-07-17T08:35:25.307Z"}
{"level":"info","message":"POST /api/login","timestamp":"2025-07-17T08:35:40.809Z"}
{"level":"info","message":"POST /api/login","timestamp":"2025-07-17T08:35:53.496Z"}
{"level":"info","message":"POST /api/login","timestamp":"2025-07-17T08:36:27.915Z"}
{"level":"info","message":"POST /api/login","timestamp":"2025-07-17T08:36:33.617Z"}
{"level":"info","message":"POST /api/login","timestamp":"2025-07-17T08:36:35.245Z"}
{"level":"info","message":"POST /api/login","timestamp":"2025-07-17T08:36:57.664Z"}
{"level":"info","message":"Veritabanı havuzu oluşturuldu","timestamp":"2025-07-17T08:38:48.039Z"}
{"level":"info","message":"Login server running on port 3002","timestamp":"2025-07-17T08:38:48.052Z"}
{"level":"info","message":"GET /api/protected","timestamp":"2025-07-17T08:39:04.987Z"}
{"level":"info","message":"Veritabanı havuzu oluşturuldu","timestamp":"2025-07-17T09:00:52.999Z"}
{"level":"info","message":"Login server running on port 3002","timestamp":"2025-07-17T09:00:53.008Z"}
{"level":"info","message":"GET /api/protected","timestamp":"2025-07-17T09:01:05.761Z"}
{"level":"info","message":"POST /api/login","timestamp":"2025-07-17T09:01:16.551Z"}
{"level":"info","message":"POST /api/logout","timestamp":"2025-07-17T09:02:39.660Z"}
{"level":"info","message":"POST /api/login","timestamp":"2025-07-17T09:02:58.642Z"}
{"level":"info","message":"POST /api/login","timestamp":"2025-07-17T09:03:03.554Z"}
{"level":"info","message":"POST /api/login","timestamp":"2025-07-17T09:03:09.049Z"}
{"level":"info","message":"POST /api/login","timestamp":"2025-07-17T09:03:10.987Z"}
{"level":"info","message":"POST /api/login","timestamp":"2025-07-17T09:03:32.386Z"}
{"level":"info","message":"GET /api/protected","timestamp":"2025-07-17T09:03:38.644Z"}
{"level":"info","message":"POST /api/login","timestamp":"2025-07-17T09:04:28.923Z"}
{"level":"info","message":"POST /api/logout","timestamp":"2025-07-17T09:04:35.726Z"}
{"level":"info","message":"Veritabanı havuzu oluşturuldu","timestamp":"2025-07-17T09:09:39.877Z"}
{"level":"info","message":"Login server running on port 3002","timestamp":"2025-07-17T09:09:39.883Z"}
{"level":"info","message":"GET /api/protected","timestamp":"2025-07-17T09:09:44.457Z"}
{"level":"info","message":"GET /api/protected","timestamp":"2025-07-17T09:09:47.886Z"}
{"level":"info","message":"Veritabanı havuzu oluşturuldu","timestamp":"2025-07-17T09:11:43.907Z"}
{"level":"info","message":"Login server running on port 3002","timestamp":"2025-07-17T09:11:43.916Z"}
{"level":"info","message":"GET /api/protected","timestamp":"2025-07-17T09:11:47.781Z"}
{"level":"info","message":"POST /api/login","timestamp":"2025-07-17T09:11:56.101Z"}
{"level":"info","message":"GET /api/protected","timestamp":"2025-07-17T09:12:07.299Z"}
{"level":"info","message":"GET /api/protected","timestamp":"2025-07-17T09:12:13.740Z"}
{"level":"info","message":"POST /api/login","timestamp":"2025-07-17T09:12:21.837Z"}
{"level":"info","message":"POST /api/logout","timestamp":"2025-07-17T09:12:24.431Z"}
{"level":"info","message":"POST /api/login","timestamp":"2025-07-17T09:12:35.796Z"}
{"level":"info","message":"POST /api/login","timestamp":"2025-07-17T09:12:39.579Z"}
{"level":"info","message":"POST /api/login","timestamp":"2025-07-17T09:12:44.123Z"}
{"level":"info","message":"POST /api/login","timestamp":"2025-07-17T09:12:55.322Z"}
{"level":"info","message":"POST /api/login","timestamp":"2025-07-17T09:13:09.488Z"}
{"level":"info","message":"GET /api/protected","timestamp":"2025-07-17T09:13:18.781Z"}
{"level":"info","message":"POST /api/login","timestamp":"2025-07-17T09:13:25.921Z"}
{"level":"info","message":"Veritabanı havuzu oluşturuldu","timestamp":"2025-07-17T09:26:29.522Z"}
{"level":"info","message":"Login server running on port 3002","timestamp":"2025-07-17T09:26:29.525Z"}
{"level":"info","message":"GET /api/protected","timestamp":"2025-07-17T09:26:43.838Z"}
{"level":"info","message":"POST /api/logout","timestamp":"2025-07-17T09:26:46.012Z"}
{"level":"info","message":"POST /api/login","timestamp":"2025-07-17T09:27:01.807Z"}
{"level":"info","message":"Veritabanı havuzu oluşturuldu","timestamp":"2025-07-17T09:28:22.779Z"}
{"level":"info","message":"Login server running on port 3002","timestamp":"2025-07-17T09:28:22.785Z"}
{"level":"info","message":"GET /api/protected","timestamp":"2025-07-17T09:28:25.172Z"}
{"level":"info","message":"GET /api/protected","timestamp":"2025-07-17T09:28:26.489Z"}
{"level":"info","message":"POST /api/logout","timestamp":"2025-07-17T09:28:30.094Z"}
{"level":"info","message":"POST /api/login","timestamp":"2025-07-17T09:28:42.028Z"}
{"level":"info","message":"GET /api/protected","timestamp":"2025-07-17T09:28:51.088Z"}
{"level":"info","message":"POST /api/logout","timestamp":"2025-07-17T09:28:56.454Z"}
{"level":"info","message":"POST /api/login","timestamp":"2025-07-17T09:29:12.143Z"}
{"level":"info","message":"GET /api/protected","timestamp":"2025-07-17T09:29:19.333Z"}
{"level":"info","message":"GET /api/protected","timestamp":"2025-07-17T09:29:31.616Z"}
{"level":"info","message":"GET /api/protected","timestamp":"2025-07-17T09:29:35.595Z"}
{"level":"info","message":"POST /api/login","timestamp":"2025-07-17T09:29:44.259Z"}
{"level":"info","message":"POST /api/logout","timestamp":"2025-07-17T09:29:47.196Z"}
{"level":"info","message":"Login server running on port 3002","timestamp":"2025-07-17T09:46:43.516Z"}
{"level":"info","message":"Server listening on port 3002","timestamp":"2025-07-17T10:21:52.977Z"}
{"level":"info","message":"Server listening on port 3002","timestamp":"2025-07-17T10:26:19.916Z"}
{"level":"info","message":"GET /api/protected","timestamp":"2025-07-17T10:26:22.319Z"}
{"level":"info","message":"POST /api/auth/login","timestamp":"2025-07-17T10:26:30.453Z"}
{"level":"info","message":"GET /api/protected","timestamp":"2025-07-17T10:26:47.651Z"}
{"level":"info","message":"GET /api/protected","timestamp":"2025-07-17T10:26:54.999Z"}
{"level":"info","message":"POST /api/logout","timestamp":"2025-07-17T10:26:56.931Z"}
{"level":"info","message":"POST /api/auth/login","timestamp":"2025-07-17T10:27:05.318Z"}
{"level":"info","message":"GET /api/protected","timestamp":"2025-07-17T10:27:10.827Z"}
{"level":"info","message":"POST /api/logout","timestamp":"2025-07-17T10:27:12.347Z"}
{"level":"info","message":"GET /api/protected","timestamp":"2025-07-17T10:30:37.081Z"}
{"level":"info","message":"GET /api/protected","timestamp":"2025-07-17T10:33:30.703Z"}
{"level":"info","message":"POST /api/logout","timestamp":"2025-07-17T10:33:32.107Z"}
{"level":"info","message":"GET /api/auth/me","timestamp":"2025-07-17T10:42:29.520Z"}
{"level":"info","message":"Server listening on port 3002","timestamp":"2025-07-17T11:21:48.666Z"}
{"level":"info","message":"GET /api/auth/me","timestamp":"2025-07-17T11:22:25.608Z"}
{"level":"info","message":"POST /api/auth/login","timestamp":"2025-07-17T11:22:30.084Z"}
{"level":"info","message":"POST /api/auth/logout","timestamp":"2025-07-17T11:22:47.506Z"}
{"level":"info","message":"POST /api/auth/login","timestamp":"2025-07-17T11:22:56.226Z"}
{"level":"info","message":"GET /api/auth/me","timestamp":"2025-07-17T11:32:50.312Z"}
{"level":"info","message":"GET /api/auth/me","timestamp":"2025-07-17T11:40:41.956Z"}
{"level":"info","message":"GET /api/auth/me","timestamp":"2025-07-17T11:46:14.389Z"}
{"level":"info","message":"GET /api/auth/me","timestamp":"2025-07-17T12:01:07.102Z"}
{"level":"info","message":"GET /api/auth/me","timestamp":"2025-07-17T12:03:27.041Z"}
{"level":"info","message":"GET /api/auth/me","timestamp":"2025-07-17T12:03:27.048Z"}
{"level":"info","message":"GET /api/auth/me","timestamp":"2025-07-17T12:05:36.716Z"}
{"level":"info","message":"GET /api/auth/me","timestamp":"2025-07-17T12:05:36.749Z"}
{"level":"info","message":"GET /api/auth/me","timestamp":"2025-07-17T12:05:45.971Z"}
{"level":"info","message":"GET /api/auth/me","timestamp":"2025-07-17T12:05:45.993Z"}
{"level":"info","message":"POST /api/auth/login","timestamp":"2025-07-17T12:09:04.918Z"}
